<?xml version="1.0" encoding="UTF-8"?>
<testng-results ignored="0" total="1" passed="0" failed="1" skipped="0">
  <reporter-output>
  </reporter-output>
  <suite started-at="2022-06-26T16:28:40 IST" name="Default suite" finished-at="2022-06-26T16:28:50 IST" duration-ms="10156">
    <groups>
    </groups>
    <test started-at="2022-06-26T16:28:40 IST" name="Default test" finished-at="2022-06-26T16:28:50 IST" duration-ms="10156">
      <class name="KiteAppTestClass.ValidateKiteUserIDUsingPropertyForListener">
        <test-method is-config="true" signature="launchBrowser()[pri:0, instance:KiteAppTestClass.ValidateKiteUserIDUsingPropertyForListener@4efbca5a]" started-at="2022-06-26T16:28:40 IST" name="launchBrowser" finished-at="2022-06-26T16:28:45 IST" duration-ms="4753" status="PASS">
          <reporter-output>
          </reporter-output>
        </test-method> <!-- launchBrowser -->
        <test-method is-config="true" signature="loginToKiteApp()[pri:0, instance:KiteAppTestClass.ValidateKiteUserIDUsingPropertyForListener@4efbca5a]" started-at="2022-06-26T16:28:45 IST" name="loginToKiteApp" finished-at="2022-06-26T16:28:45 IST" duration-ms="740" status="PASS">
          <reporter-output>
          </reporter-output>
        </test-method> <!-- loginToKiteApp -->
        <test-method signature="ValidateUserID()[pri:0, instance:KiteAppTestClass.ValidateKiteUserIDUsingPropertyForListener@4efbca5a]" started-at="2022-06-26T16:28:45 IST" name="ValidateUserID" finished-at="2022-06-26T16:28:47 IST" duration-ms="2108" status="FAIL">
          <exception class="java.lang.AssertionError">
            <message>
              <![CDATA[Actual and Expected User ID is not matching..TC is Failed expected [ELR321] but found [OHZ594]]]>
            </message>
            <full-stacktrace>
              <![CDATA[java.lang.AssertionError: Actual and Expected User ID is not matching..TC is Failed expected [ELR321] but found [OHZ594]
at org.testng.Assert.fail(Assert.java:99)
at org.testng.Assert.failNotEquals(Assert.java:1037)
at org.testng.Assert.assertEqualsImpl(Assert.java:140)
at org.testng.Assert.assertEquals(Assert.java:122)
at org.testng.Assert.assertEquals(Assert.java:629)
at KiteAppTestClass.ValidateKiteUserIDUsingPropertyForListener.ValidateUserID(ValidateKiteUserIDUsingPropertyForListener.java:56)
at java.base/jdk.internal.reflect.NativeMethodAccessorImpl.invoke0(Native Method)
at java.base/jdk.internal.reflect.NativeMethodAccessorImpl.invoke(NativeMethodAccessorImpl.java:77)
at java.base/jdk.internal.reflect.DelegatingMethodAccessorImpl.invoke(DelegatingMethodAccessorImpl.java:43)
at java.base/java.lang.reflect.Method.invoke(Method.java:568)
at org.testng.internal.MethodInvocationHelper.invokeMethod(MethodInvocationHelper.java:133)
at org.testng.internal.TestInvoker.invokeMethod(TestInvoker.java:598)
at org.testng.internal.TestInvoker.invokeTestMethod(TestInvoker.java:173)
at org.testng.internal.MethodRunner.runInSequence(MethodRunner.java:46)
at org.testng.internal.TestInvoker$MethodInvocationAgent.invoke(TestInvoker.java:824)
at org.testng.internal.TestInvoker.invokeTestMethods(TestInvoker.java:146)
at org.testng.internal.TestMethodWorker.invokeTestMethods(TestMethodWorker.java:146)
at org.testng.internal.TestMethodWorker.run(TestMethodWorker.java:128)
at java.base/java.util.ArrayList.forEach(ArrayList.java:1511)
at org.testng.TestRunner.privateRun(TestRunner.java:794)
at org.testng.TestRunner.run(TestRunner.java:596)
at org.testng.SuiteRunner.runTest(SuiteRunner.java:377)
at org.testng.SuiteRunner.runSequentially(SuiteRunner.java:371)
at org.testng.SuiteRunner.privateRun(SuiteRunner.java:332)
at org.testng.SuiteRunner.run(SuiteRunner.java:276)
at org.testng.SuiteRunnerWorker.runSuite(SuiteRunnerWorker.java:53)
at org.testng.SuiteRunnerWorker.run(SuiteRunnerWorker.java:96)
at org.testng.TestNG.runSuitesSequentially(TestNG.java:1212)
at org.testng.TestNG.runSuitesLocally(TestNG.java:1134)
at org.testng.TestNG.runSuites(TestNG.java:1063)
at org.testng.TestNG.run(TestNG.java:1031)
at org.testng.remote.AbstractRemoteTestNG.run(AbstractRemoteTestNG.java:115)
at org.testng.remote.RemoteTestNG.initAndRun(RemoteTestNG.java:251)
at org.testng.remote.RemoteTestNG.main(RemoteTestNG.java:77)
]]>
            </full-stacktrace>
          </exception> <!-- java.lang.AssertionError -->
          <reporter-output>
          </reporter-output>
        </test-method> <!-- ValidateUserID -->
        <test-method is-config="true" signature="LogOutFromKiteApp()[pri:0, instance:KiteAppTestClass.ValidateKiteUserIDUsingPropertyForListener@4efbca5a]" started-at="2022-06-26T16:28:48 IST" name="LogOutFromKiteApp" finished-at="2022-06-26T16:28:50 IST" duration-ms="1921" status="PASS">
          <reporter-output>
          </reporter-output>
        </test-method> <!-- LogOutFromKiteApp -->
        <test-method is-config="true" signature="closeBrowser()[pri:0, instance:KiteAppTestClass.ValidateKiteUserIDUsingPropertyForListener@4efbca5a]" started-at="2022-06-26T16:28:50 IST" name="closeBrowser" finished-at="2022-06-26T16:28:50 IST" duration-ms="323" status="PASS">
          <reporter-output>
          </reporter-output>
        </test-method> <!-- closeBrowser -->
      </class> <!-- KiteAppTestClass.ValidateKiteUserIDUsingPropertyForListener -->
    </test> <!-- Default test -->
  </suite> <!-- Default suite -->
</testng-results>
